[debug] [2022-06-30T11:30:17.371Z] ----------------------------------------------------------------------
[debug] [2022-06-30T11:30:17.373Z] Command:       C:\Program Files\nodejs\node.exe C:\Users\USER\AppData\Roaming\npm\node_modules\firebase-tools\lib\bin\firebase.js emulators:start
[debug] [2022-06-30T11:30:17.374Z] CLI Version:   11.1.0
[debug] [2022-06-30T11:30:17.374Z] Platform:      win32
[debug] [2022-06-30T11:30:17.374Z] Node Version:  v17.1.0
[debug] [2022-06-30T11:30:17.375Z] Time:          Thu Jun 30 2022 17:00:17 GMT+0530 (India Standard Time)
[debug] [2022-06-30T11:30:17.375Z] ----------------------------------------------------------------------
[debug] 
[debug] [2022-06-30T11:30:17.479Z] > command requires scopes: ["email","openid","https://www.googleapis.com/auth/cloudplatformprojects.readonly","https://www.googleapis.com/auth/firebase","https://www.googleapis.com/auth/cloud-platform"]
[debug] [2022-06-30T11:30:17.480Z] > authorizing via signed-in user (appskans2017@gmail.com)
[info] i  emulators: Starting emulators: functions, hosting {"metadata":{"emulator":{"name":"hub"},"message":"Starting emulators: functions, hosting"}}
[warn] !  emulators: It seems that you are running multiple instances of the emulator suite for project clone-react-63f94. This may result in unexpected behavior. 
[debug] [2022-06-30T11:30:17.651Z] [hub] writing locator at C:\Temp\hub-clone-react-63f94.json
[warn] !  functions: The following emulators are not running, calls to these services from the Functions emulator will affect production: auth, firestore, database, pubsub, storage {"metadata":{"emulator":{"name":"functions"},"message":"The following emulators are not running, calls to these services from the Functions emulator will affect production: \u001b[1mauth, firestore, database, pubsub, storage\u001b[22m"}}
[warn] !  Your requested "node" version "16" doesn't match your global version "17". Using node@17 from host. {"metadata":{"emulator":{"name":"functions"},"message":"Your requested \"node\" version \"16\" doesn't match your global version \"17\". Using node@17 from host."}}
[debug] [2022-06-30T11:30:17.729Z] defaultcredentials: writing to file C:\Users\USER\AppData\Roaming\firebase\appskans2017_gmail_com_application_default_credentials.json
[debug] [2022-06-30T11:30:17.744Z] Setting GAC to C:\Users\USER\AppData\Roaming\firebase\appskans2017_gmail_com_application_default_credentials.json {"metadata":{"emulator":{"name":"functions"},"message":"Setting GAC to C:\\Users\\USER\\AppData\\Roaming\\firebase\\appskans2017_gmail_com_application_default_credentials.json"}}
[debug] [2022-06-30T11:30:17.748Z] >>> [apiv2][query] GET https://firebase.googleapis.com/v1beta1/projects/clone-react-63f94/adminSdkConfig [none]
[debug] [2022-06-30T11:30:18.512Z] <<< [apiv2][status] GET https://firebase.googleapis.com/v1beta1/projects/clone-react-63f94/adminSdkConfig 200
[debug] [2022-06-30T11:30:18.513Z] <<< [apiv2][body] GET https://firebase.googleapis.com/v1beta1/projects/clone-react-63f94/adminSdkConfig {"projectId":"clone-react-63f94","databaseURL":"https://clone-react-63f94-default-rtdb.asia-southeast1.firebasedatabase.app","storageBucket":"clone-react-63f94.appspot.com","locationId":"us-central"}
[debug] [2022-06-30T11:30:18.545Z] >>> [apiv2][query] GET https://firebasehosting.googleapis.com/v1beta1/projects/clone-react-63f94/sites 
[debug] [2022-06-30T11:30:20.200Z] <<< [apiv2][status] GET https://firebasehosting.googleapis.com/v1beta1/projects/clone-react-63f94/sites 200
[debug] [2022-06-30T11:30:20.201Z] <<< [apiv2][body] GET https://firebasehosting.googleapis.com/v1beta1/projects/clone-react-63f94/sites {"sites":[{"name":"projects/clone-react-63f94/sites/clone-react-63f94","defaultUrl":"https://clone-react-63f94.web.app","appId":"1:1095242902903:web:4a6f4bae18dd2cd98b8572","type":"DEFAULT_SITE"}]}
[debug] [2022-06-30T11:30:20.201Z] >>> [apiv2][query] GET https://firebase.googleapis.com/v1beta1/projects/clone-react-63f94/webApps/1:1095242902903:web:4a6f4bae18dd2cd98b8572/config [none]
[debug] [2022-06-30T11:30:21.468Z] <<< [apiv2][status] GET https://firebase.googleapis.com/v1beta1/projects/clone-react-63f94/webApps/1:1095242902903:web:4a6f4bae18dd2cd98b8572/config 200
[debug] [2022-06-30T11:30:21.469Z] <<< [apiv2][body] GET https://firebase.googleapis.com/v1beta1/projects/clone-react-63f94/webApps/1:1095242902903:web:4a6f4bae18dd2cd98b8572/config {"projectId":"clone-react-63f94","appId":"1:1095242902903:web:4a6f4bae18dd2cd98b8572","databaseURL":"https://clone-react-63f94-default-rtdb.asia-southeast1.firebasedatabase.app","storageBucket":"clone-react-63f94.appspot.com","locationId":"us-central","apiKey":"AIzaSyBYYo_KS-8Wnay9Yu4xsyUhGHyICWW1vkc","authDomain":"clone-react-63f94.firebaseapp.com","messagingSenderId":"1095242902903","measurementId":"G-8BG8VP3WYB"}
[info] i  hosting: Serving hosting files from: build {"metadata":{"emulator":{"name":"hosting"},"message":"Serving hosting files from: \u001b[1mbuild\u001b[22m"}}
[info] +  hosting: Local server: http://localhost:5000 {"metadata":{"emulator":{"name":"hosting"},"message":"Local server: \u001b[4m\u001b[1mhttp://localhost:5000\u001b[22m\u001b[24m"}}
[warn] !  ui: Emulator UI unable to start on port 4000, starting on 4003 instead. {"metadata":{"emulator":{"name":"ui"},"message":"Emulator UI unable to start on port 4000, starting on 4003 instead."}}
[debug] [2022-06-30T11:30:21.588Z] Ignoring unsupported arg: auto_download {"metadata":{"emulator":{"name":"ui"},"message":"Ignoring unsupported arg: auto_download"}}
[debug] [2022-06-30T11:30:21.588Z] Ignoring unsupported arg: port {"metadata":{"emulator":{"name":"ui"},"message":"Ignoring unsupported arg: port"}}
[debug] [2022-06-30T11:30:21.588Z] Starting Emulator UI with command {"binary":"node","args":["--dns-result-order=ipv4first","C:\\Users\\USER\\.cache\\firebase\\emulators\\ui-v1.7.0\\server.bundle.js"],"optionalArgs":[],"joinArgs":false} {"metadata":{"emulator":{"name":"ui"},"message":"Starting Emulator UI with command {\"binary\":\"node\",\"args\":[\"--dns-result-order=ipv4first\",\"C:\\\\Users\\\\USER\\\\.cache\\\\firebase\\\\emulators\\\\ui-v1.7.0\\\\server.bundle.js\"],\"optionalArgs\":[],\"joinArgs\":false}"}}
[info] i  ui: Emulator UI logging to ui-debug.log {"metadata":{"emulator":{"name":"ui"},"message":"Emulator UI logging to \u001b[1mui-debug.log\u001b[22m"}}
[debug] [2022-06-30T11:30:21.807Z] Web / API server started at localhost:4003
 {"metadata":{"emulator":{"name":"ui"},"message":"Web / API server started at localhost:4003\n"}}
[info] i  functions: Watching "D:\MainFolders\programcodestuff\webdevcourse\myprojects\amzonclone-reactapp\amazon-clone-fullstack\functions" for Cloud Functions... {"metadata":{"emulator":{"name":"functions"},"message":"Watching \"D:\\MainFolders\\programcodestuff\\webdevcourse\\myprojects\\amzonclone-reactapp\\amazon-clone-fullstack\\functions\" for Cloud Functions..."}}
[debug] [2022-06-30T11:30:21.883Z] Validating nodejs source
[warn] !  functions: package.json indicates an outdated version of firebase-functions. Please upgrade using npm install --save firebase-functions@latest in your functions directory. 
[debug] [2022-06-30T11:30:26.454Z] > [functions] package.json contents: {
  "name": "functions",
  "description": "Cloud Functions for Firebase",
  "scripts": {
    "lint": "eslint .",
    "serve": "firebase emulators:start --only functions",
    "shell": "firebase functions:shell",
    "start": "npm run shell",
    "deploy": "firebase deploy --only functions",
    "logs": "firebase functions:log"
  },
  "engines": {
    "node": "16"
  },
  "main": "index.js",
  "dependencies": {
    "cors": "^2.8.5",
    "express": "^4.18.1",
    "firebase-admin": "^10.0.2",
    "firebase-functions": "^3.18.0",
    "stripe": "^9.10.0"
  },
  "devDependencies": {
    "eslint": "^8.9.0",
    "eslint-config-google": "^0.14.0",
    "firebase-functions-test": "^0.2.0"
  },
  "private": true
}
[debug] [2022-06-30T11:30:26.455Z] Building nodejs source
[debug] [2022-06-30T11:30:26.455Z] Analyzing nodejs backend spec
[debug] [2022-06-30T11:30:26.458Z] Could not find functions.yaml. Must use http discovery
[debug] [2022-06-30T11:30:26.911Z] Serving at port 9005

[debug] [2022-06-30T11:30:27.172Z] Got response from /__/functions.yaml {"endpoints":{"api":{"platform":"gcfv1","httpsTrigger":{},"entryPoint":"api"}},"specVersion":"v1alpha1","requiredAPIs":[]}
[debug] [2022-06-30T11:30:27.180Z] shutdown requested via /__/quitquitquit

[info] +  functions[us-central1-api]: http function initialized (http://localhost:5001/clone-react-63f94/us-central1/api). {"metadata":{"emulator":{"name":"functions"},"message":"\u001b[1mhttp\u001b[22m function initialized (http://localhost:5001/clone-react-63f94/us-central1/api)."}}
[info] 
┌─────────────────────────────────────────────────────────────┐
│ ✔  All emulators ready! It is now safe to connect your app. │
│ i  View Emulator UI at http://localhost:4003                │
└─────────────────────────────────────────────────────────────┘

┌───────────┬────────────────┬─────────────────────────────────┐
│ Emulator  │ Host:Port      │ View in Emulator UI             │
├───────────┼────────────────┼─────────────────────────────────┤
│ Functions │ localhost:5001 │ http://localhost:4003/functions │
├───────────┼────────────────┼─────────────────────────────────┤
│ Hosting   │ localhost:5000 │ n/a                             │
└───────────┴────────────────┴─────────────────────────────────┘
  Emulator Hub running at localhost:4400
  Other reserved ports: 4500

Issues? Report them at https://github.com/firebase/firebase-tools/issues and attach the *-debug.log files.
 
[debug] [2022-06-30T11:33:10.381Z] [work-queue] {"queueLength":1,"workRunningCount":0}
[debug] [2022-06-30T11:33:10.381Z] [work-queue] {"queueLength":0,"workRunningCount":1}
[debug] [2022-06-30T11:33:10.382Z] Accepted request POST /clone-react-63f94/us-central1/api/payments/create?total=11526785 --> us-central1-api
[debug] [2022-06-30T11:33:10.396Z] [worker-pool] addWorker(us-central1-api) {"metadata":{"emulator":{"name":"functions"},"message":"[worker-pool] addWorker(us-central1-api)"}}
[debug] [2022-06-30T11:33:10.397Z] [worker-pool] Adding worker with key us-central1-api, total=1 {"metadata":{"emulator":{"name":"functions"},"message":"[worker-pool] Adding worker with key us-central1-api, total=1"}}
[debug] [2022-06-30T11:33:10.397Z] [worker-pool] submitWork(triggerId=us-central1-api) {"metadata":{"emulator":{"name":"functions"},"message":"[worker-pool] submitWork(triggerId=us-central1-api)"}}
[debug] [2022-06-30T11:33:10.397Z] [worker-us-central1-api-4c7bf5f6-ecd2-4ca7-930c-742bfd7ca29b]: Assigning socketPath: \\?\pipe\D:\MainFolders\programcodestuff\webdevcourse\myprojects\amzonclone-reactapp\amazon-clone-fullstack\functions\16792 {"metadata":{"emulator":{"name":"functions"},"message":"[worker-us-central1-api-4c7bf5f6-ecd2-4ca7-930c-742bfd7ca29b]: Assigning socketPath: \\\\?\\pipe\\D:\\MainFolders\\programcodestuff\\webdevcourse\\myprojects\\amzonclone-reactapp\\amazon-clone-fullstack\\functions\\16792"}}
[debug] [2022-06-30T11:33:10.398Z] [worker-us-central1-api-4c7bf5f6-ecd2-4ca7-930c-742bfd7ca29b]: BUSY {"metadata":{"emulator":{"name":"functions"},"message":"[worker-us-central1-api-4c7bf5f6-ecd2-4ca7-930c-742bfd7ca29b]: BUSY"}}
[debug] [2022-06-30T11:33:10.401Z] [work-queue] {"queueLength":1,"workRunningCount":1}
[debug] [2022-06-30T11:33:10.402Z] [work-queue] {"queueLength":0,"workRunningCount":2}
[debug] [2022-06-30T11:33:10.402Z] Accepted request POST /clone-react-63f94/us-central1/api/payments/create?total=11526785 --> us-central1-api
[debug] [2022-06-30T11:33:10.412Z] [worker-pool] addWorker(us-central1-api) {"metadata":{"emulator":{"name":"functions"},"message":"[worker-pool] addWorker(us-central1-api)"}}
[debug] [2022-06-30T11:33:10.413Z] [worker-pool] Adding worker with key us-central1-api, total=2 {"metadata":{"emulator":{"name":"functions"},"message":"[worker-pool] Adding worker with key us-central1-api, total=2"}}
[debug] [2022-06-30T11:33:10.413Z] [worker-pool] submitWork(triggerId=us-central1-api) {"metadata":{"emulator":{"name":"functions"},"message":"[worker-pool] submitWork(triggerId=us-central1-api)"}}
[debug] [2022-06-30T11:33:10.413Z] [worker-us-central1-api-3b1e6536-3ba6-4c99-bc4d-c30f8138aae8]: Assigning socketPath: \\?\pipe\D:\MainFolders\programcodestuff\webdevcourse\myprojects\amzonclone-reactapp\amazon-clone-fullstack\functions\21908 {"metadata":{"emulator":{"name":"functions"},"message":"[worker-us-central1-api-3b1e6536-3ba6-4c99-bc4d-c30f8138aae8]: Assigning socketPath: \\\\?\\pipe\\D:\\MainFolders\\programcodestuff\\webdevcourse\\myprojects\\amzonclone-reactapp\\amazon-clone-fullstack\\functions\\21908"}}
[debug] [2022-06-30T11:33:10.413Z] [worker-us-central1-api-3b1e6536-3ba6-4c99-bc4d-c30f8138aae8]: BUSY {"metadata":{"emulator":{"name":"functions"},"message":"[worker-us-central1-api-3b1e6536-3ba6-4c99-bc4d-c30f8138aae8]: BUSY"}}
[debug] [2022-06-30T11:33:13.231Z] [runtime-status] [16792] Functions runtime initialized. {"cwd":"D:\\MainFolders\\programcodestuff\\webdevcourse\\myprojects\\amzonclone-reactapp\\amazon-clone-fullstack\\functions","node_version":"17.1.0"} {"metadata":{"emulator":{"name":"functions"},"function":{"name":"us-central1-api"},"extension":{},"message":"[runtime-status] [16792] Functions runtime initialized. {\"cwd\":\"D:\\\\MainFolders\\\\programcodestuff\\\\webdevcourse\\\\myprojects\\\\amzonclone-reactapp\\\\amazon-clone-fullstack\\\\functions\",\"node_version\":\"17.1.0\"}"}}
[debug] [2022-06-30T11:33:13.232Z] [runtime-status] [16792] Disabled runtime features: undefined {"metadata":{"emulator":{"name":"functions"},"function":{"name":"us-central1-api"},"extension":{},"message":"[runtime-status] [16792] Disabled runtime features: undefined"}}
[debug] [2022-06-30T11:33:13.246Z] [runtime-status] [16792] Resolved module firebase-admin {"declared":true,"installed":true,"version":"10.3.0","resolution":"D:\\MainFolders\\programcodestuff\\webdevcourse\\myprojects\\amzonclone-reactapp\\amazon-clone-fullstack\\functions\\node_modules\\firebase-admin\\lib\\index.js"} {"metadata":{"emulator":{"name":"functions"},"function":{"name":"us-central1-api"},"extension":{},"message":"[runtime-status] [16792] Resolved module firebase-admin {\"declared\":true,\"installed\":true,\"version\":\"10.3.0\",\"resolution\":\"D:\\\\MainFolders\\\\programcodestuff\\\\webdevcourse\\\\myprojects\\\\amzonclone-reactapp\\\\amazon-clone-fullstack\\\\functions\\\\node_modules\\\\firebase-admin\\\\lib\\\\index.js\"}"}}
[debug] [2022-06-30T11:33:13.249Z] [runtime-status] [21908] Functions runtime initialized. {"cwd":"D:\\MainFolders\\programcodestuff\\webdevcourse\\myprojects\\amzonclone-reactapp\\amazon-clone-fullstack\\functions","node_version":"17.1.0"} {"metadata":{"emulator":{"name":"functions"},"function":{"name":"us-central1-api"},"extension":{},"message":"[runtime-status] [21908] Functions runtime initialized. {\"cwd\":\"D:\\\\MainFolders\\\\programcodestuff\\\\webdevcourse\\\\myprojects\\\\amzonclone-reactapp\\\\amazon-clone-fullstack\\\\functions\",\"node_version\":\"17.1.0\"}"}}
[debug] [2022-06-30T11:33:13.250Z] [runtime-status] [16792] Resolved module firebase-functions {"declared":true,"installed":true,"version":"3.21.2","resolution":"D:\\MainFolders\\programcodestuff\\webdevcourse\\myprojects\\amzonclone-reactapp\\amazon-clone-fullstack\\functions\\node_modules\\firebase-functions\\lib\\index.js"} {"metadata":{"emulator":{"name":"functions"},"function":{"name":"us-central1-api"},"extension":{},"message":"[runtime-status] [16792] Resolved module firebase-functions {\"declared\":true,\"installed\":true,\"version\":\"3.21.2\",\"resolution\":\"D:\\\\MainFolders\\\\programcodestuff\\\\webdevcourse\\\\myprojects\\\\amzonclone-reactapp\\\\amazon-clone-fullstack\\\\functions\\\\node_modules\\\\firebase-functions\\\\lib\\\\index.js\"}"}}
[debug] [2022-06-30T11:33:13.251Z] [runtime-status] [16792] Outgoing network have been stubbed. [{"name":"http","status":"mocked"},{"name":"http","status":"mocked"},{"name":"https","status":"mocked"},{"name":"https","status":"mocked"},{"name":"net","status":"mocked"}] {"metadata":{"emulator":{"name":"functions"},"function":{"name":"us-central1-api"},"extension":{},"message":"[runtime-status] [16792] Outgoing network have been stubbed. [{\"name\":\"http\",\"status\":\"mocked\"},{\"name\":\"http\",\"status\":\"mocked\"},{\"name\":\"https\",\"status\":\"mocked\"},{\"name\":\"https\",\"status\":\"mocked\"},{\"name\":\"net\",\"status\":\"mocked\"}]"}}
[debug] [2022-06-30T11:33:13.251Z] [runtime-status] [21908] Disabled runtime features: undefined {"metadata":{"emulator":{"name":"functions"},"function":{"name":"us-central1-api"},"extension":{},"message":"[runtime-status] [21908] Disabled runtime features: undefined"}}
[debug] [2022-06-30T11:33:13.252Z] [runtime-status] [16792] Resolved module firebase-functions {"declared":true,"installed":true,"version":"3.21.2","resolution":"D:\\MainFolders\\programcodestuff\\webdevcourse\\myprojects\\amzonclone-reactapp\\amazon-clone-fullstack\\functions\\node_modules\\firebase-functions\\lib\\index.js"} {"metadata":{"emulator":{"name":"functions"},"function":{"name":"us-central1-api"},"extension":{},"message":"[runtime-status] [16792] Resolved module firebase-functions {\"declared\":true,\"installed\":true,\"version\":\"3.21.2\",\"resolution\":\"D:\\\\MainFolders\\\\programcodestuff\\\\webdevcourse\\\\myprojects\\\\amzonclone-reactapp\\\\amazon-clone-fullstack\\\\functions\\\\node_modules\\\\firebase-functions\\\\lib\\\\index.js\"}"}}
[debug] [2022-06-30T11:33:13.260Z] [runtime-status] [21908] Resolved module firebase-admin {"declared":true,"installed":true,"version":"10.3.0","resolution":"D:\\MainFolders\\programcodestuff\\webdevcourse\\myprojects\\amzonclone-reactapp\\amazon-clone-fullstack\\functions\\node_modules\\firebase-admin\\lib\\index.js"} {"metadata":{"emulator":{"name":"functions"},"function":{"name":"us-central1-api"},"extension":{},"message":"[runtime-status] [21908] Resolved module firebase-admin {\"declared\":true,\"installed\":true,\"version\":\"10.3.0\",\"resolution\":\"D:\\\\MainFolders\\\\programcodestuff\\\\webdevcourse\\\\myprojects\\\\amzonclone-reactapp\\\\amazon-clone-fullstack\\\\functions\\\\node_modules\\\\firebase-admin\\\\lib\\\\index.js\"}"}}
[debug] [2022-06-30T11:33:13.263Z] [runtime-status] [21908] Resolved module firebase-functions {"declared":true,"installed":true,"version":"3.21.2","resolution":"D:\\MainFolders\\programcodestuff\\webdevcourse\\myprojects\\amzonclone-reactapp\\amazon-clone-fullstack\\functions\\node_modules\\firebase-functions\\lib\\index.js"} {"metadata":{"emulator":{"name":"functions"},"function":{"name":"us-central1-api"},"extension":{},"message":"[runtime-status] [21908] Resolved module firebase-functions {\"declared\":true,\"installed\":true,\"version\":\"3.21.2\",\"resolution\":\"D:\\\\MainFolders\\\\programcodestuff\\\\webdevcourse\\\\myprojects\\\\amzonclone-reactapp\\\\amazon-clone-fullstack\\\\functions\\\\node_modules\\\\firebase-functions\\\\lib\\\\index.js\"}"}}
[debug] [2022-06-30T11:33:13.263Z] [runtime-status] [21908] Outgoing network have been stubbed. [{"name":"http","status":"mocked"},{"name":"http","status":"mocked"},{"name":"https","status":"mocked"},{"name":"https","status":"mocked"},{"name":"net","status":"mocked"}] {"metadata":{"emulator":{"name":"functions"},"function":{"name":"us-central1-api"},"extension":{},"message":"[runtime-status] [21908] Outgoing network have been stubbed. [{\"name\":\"http\",\"status\":\"mocked\"},{\"name\":\"http\",\"status\":\"mocked\"},{\"name\":\"https\",\"status\":\"mocked\"},{\"name\":\"https\",\"status\":\"mocked\"},{\"name\":\"net\",\"status\":\"mocked\"}]"}}
[debug] [2022-06-30T11:33:13.265Z] [runtime-status] [21908] Resolved module firebase-functions {"declared":true,"installed":true,"version":"3.21.2","resolution":"D:\\MainFolders\\programcodestuff\\webdevcourse\\myprojects\\amzonclone-reactapp\\amazon-clone-fullstack\\functions\\node_modules\\firebase-functions\\lib\\index.js"} {"metadata":{"emulator":{"name":"functions"},"function":{"name":"us-central1-api"},"extension":{},"message":"[runtime-status] [21908] Resolved module firebase-functions {\"declared\":true,\"installed\":true,\"version\":\"3.21.2\",\"resolution\":\"D:\\\\MainFolders\\\\programcodestuff\\\\webdevcourse\\\\myprojects\\\\amzonclone-reactapp\\\\amazon-clone-fullstack\\\\functions\\\\node_modules\\\\firebase-functions\\\\lib\\\\index.js\"}"}}
[debug] [2022-06-30T11:33:13.352Z] [runtime-status] [16792] Checked functions.config() {"config":{}} {"metadata":{"emulator":{"name":"functions"},"function":{"name":"us-central1-api"},"extension":{},"message":"[runtime-status] [16792] Checked functions.config() {\"config\":{}}"}}
[debug] [2022-06-30T11:33:13.353Z] [runtime-status] [16792] firebase-functions has been stubbed. {"functionsResolution":{"declared":true,"installed":true,"version":"3.21.2","resolution":"D:\\MainFolders\\programcodestuff\\webdevcourse\\myprojects\\amzonclone-reactapp\\amazon-clone-fullstack\\functions\\node_modules\\firebase-functions\\lib\\index.js"}} {"metadata":{"emulator":{"name":"functions"},"function":{"name":"us-central1-api"},"extension":{},"message":"[runtime-status] [16792] firebase-functions has been stubbed. {\"functionsResolution\":{\"declared\":true,\"installed\":true,\"version\":\"3.21.2\",\"resolution\":\"D:\\\\MainFolders\\\\programcodestuff\\\\webdevcourse\\\\myprojects\\\\amzonclone-reactapp\\\\amazon-clone-fullstack\\\\functions\\\\node_modules\\\\firebase-functions\\\\lib\\\\index.js\"}}"}}
[debug] [2022-06-30T11:33:13.354Z] [runtime-status] [16792] Resolved module firebase-functions {"declared":true,"installed":true,"version":"3.21.2","resolution":"D:\\MainFolders\\programcodestuff\\webdevcourse\\myprojects\\amzonclone-reactapp\\amazon-clone-fullstack\\functions\\node_modules\\firebase-functions\\lib\\index.js"} {"metadata":{"emulator":{"name":"functions"},"function":{"name":"us-central1-api"},"extension":{},"message":"[runtime-status] [16792] Resolved module firebase-functions {\"declared\":true,\"installed\":true,\"version\":\"3.21.2\",\"resolution\":\"D:\\\\MainFolders\\\\programcodestuff\\\\webdevcourse\\\\myprojects\\\\amzonclone-reactapp\\\\amazon-clone-fullstack\\\\functions\\\\node_modules\\\\firebase-functions\\\\lib\\\\index.js\"}"}}
[debug] [2022-06-30T11:33:13.357Z] [runtime-status] [16792] Resolved module firebase-admin {"declared":true,"installed":true,"version":"10.3.0","resolution":"D:\\MainFolders\\programcodestuff\\webdevcourse\\myprojects\\amzonclone-reactapp\\amazon-clone-fullstack\\functions\\node_modules\\firebase-admin\\lib\\index.js"} {"metadata":{"emulator":{"name":"functions"},"function":{"name":"us-central1-api"},"extension":{},"message":"[runtime-status] [16792] Resolved module firebase-admin {\"declared\":true,\"installed\":true,\"version\":\"10.3.0\",\"resolution\":\"D:\\\\MainFolders\\\\programcodestuff\\\\webdevcourse\\\\myprojects\\\\amzonclone-reactapp\\\\amazon-clone-fullstack\\\\functions\\\\node_modules\\\\firebase-admin\\\\lib\\\\index.js\"}"}}
[debug] [2022-06-30T11:33:13.360Z] [runtime-status] [16792] Resolved module firebase-functions {"declared":true,"installed":true,"version":"3.21.2","resolution":"D:\\MainFolders\\programcodestuff\\webdevcourse\\myprojects\\amzonclone-reactapp\\amazon-clone-fullstack\\functions\\node_modules\\firebase-functions\\lib\\index.js"} {"metadata":{"emulator":{"name":"functions"},"function":{"name":"us-central1-api"},"extension":{},"message":"[runtime-status] [16792] Resolved module firebase-functions {\"declared\":true,\"installed\":true,\"version\":\"3.21.2\",\"resolution\":\"D:\\\\MainFolders\\\\programcodestuff\\\\webdevcourse\\\\myprojects\\\\amzonclone-reactapp\\\\amazon-clone-fullstack\\\\functions\\\\node_modules\\\\firebase-functions\\\\lib\\\\index.js\"}"}}
[debug] [2022-06-30T11:33:13.360Z] [runtime-status] [16792] firebase-admin has been stubbed. {"adminResolution":{"declared":true,"installed":true,"version":"10.3.0","resolution":"D:\\MainFolders\\programcodestuff\\webdevcourse\\myprojects\\amzonclone-reactapp\\amazon-clone-fullstack\\functions\\node_modules\\firebase-admin\\lib\\index.js"}} {"metadata":{"emulator":{"name":"functions"},"function":{"name":"us-central1-api"},"extension":{},"message":"[runtime-status] [16792] firebase-admin has been stubbed. {\"adminResolution\":{\"declared\":true,\"installed\":true,\"version\":\"10.3.0\",\"resolution\":\"D:\\\\MainFolders\\\\programcodestuff\\\\webdevcourse\\\\myprojects\\\\amzonclone-reactapp\\\\amazon-clone-fullstack\\\\functions\\\\node_modules\\\\firebase-admin\\\\lib\\\\index.js\"}}"}}
[debug] [2022-06-30T11:33:13.361Z] [runtime-status] [21908] Checked functions.config() {"config":{}} {"metadata":{"emulator":{"name":"functions"},"function":{"name":"us-central1-api"},"extension":{},"message":"[runtime-status] [21908] Checked functions.config() {\"config\":{}}"}}
[debug] [2022-06-30T11:33:13.361Z] [runtime-status] [21908] firebase-functions has been stubbed. {"functionsResolution":{"declared":true,"installed":true,"version":"3.21.2","resolution":"D:\\MainFolders\\programcodestuff\\webdevcourse\\myprojects\\amzonclone-reactapp\\amazon-clone-fullstack\\functions\\node_modules\\firebase-functions\\lib\\index.js"}} {"metadata":{"emulator":{"name":"functions"},"function":{"name":"us-central1-api"},"extension":{},"message":"[runtime-status] [21908] firebase-functions has been stubbed. {\"functionsResolution\":{\"declared\":true,\"installed\":true,\"version\":\"3.21.2\",\"resolution\":\"D:\\\\MainFolders\\\\programcodestuff\\\\webdevcourse\\\\myprojects\\\\amzonclone-reactapp\\\\amazon-clone-fullstack\\\\functions\\\\node_modules\\\\firebase-functions\\\\lib\\\\index.js\"}}"}}
[debug] [2022-06-30T11:33:13.364Z] [runtime-status] [21908] Resolved module firebase-functions {"declared":true,"installed":true,"version":"3.21.2","resolution":"D:\\MainFolders\\programcodestuff\\webdevcourse\\myprojects\\amzonclone-reactapp\\amazon-clone-fullstack\\functions\\node_modules\\firebase-functions\\lib\\index.js"} {"metadata":{"emulator":{"name":"functions"},"function":{"name":"us-central1-api"},"extension":{},"message":"[runtime-status] [21908] Resolved module firebase-functions {\"declared\":true,\"installed\":true,\"version\":\"3.21.2\",\"resolution\":\"D:\\\\MainFolders\\\\programcodestuff\\\\webdevcourse\\\\myprojects\\\\amzonclone-reactapp\\\\amazon-clone-fullstack\\\\functions\\\\node_modules\\\\firebase-functions\\\\lib\\\\index.js\"}"}}
[debug] [2022-06-30T11:33:13.367Z] [runtime-status] [21908] Resolved module firebase-admin {"declared":true,"installed":true,"version":"10.3.0","resolution":"D:\\MainFolders\\programcodestuff\\webdevcourse\\myprojects\\amzonclone-reactapp\\amazon-clone-fullstack\\functions\\node_modules\\firebase-admin\\lib\\index.js"} {"metadata":{"emulator":{"name":"functions"},"function":{"name":"us-central1-api"},"extension":{},"message":"[runtime-status] [21908] Resolved module firebase-admin {\"declared\":true,\"installed\":true,\"version\":\"10.3.0\",\"resolution\":\"D:\\\\MainFolders\\\\programcodestuff\\\\webdevcourse\\\\myprojects\\\\amzonclone-reactapp\\\\amazon-clone-fullstack\\\\functions\\\\node_modules\\\\firebase-admin\\\\lib\\\\index.js\"}"}}
[debug] [2022-06-30T11:33:13.370Z] [runtime-status] [21908] Resolved module firebase-functions {"declared":true,"installed":true,"version":"3.21.2","resolution":"D:\\MainFolders\\programcodestuff\\webdevcourse\\myprojects\\amzonclone-reactapp\\amazon-clone-fullstack\\functions\\node_modules\\firebase-functions\\lib\\index.js"} {"metadata":{"emulator":{"name":"functions"},"function":{"name":"us-central1-api"},"extension":{},"message":"[runtime-status] [21908] Resolved module firebase-functions {\"declared\":true,\"installed\":true,\"version\":\"3.21.2\",\"resolution\":\"D:\\\\MainFolders\\\\programcodestuff\\\\webdevcourse\\\\myprojects\\\\amzonclone-reactapp\\\\amazon-clone-fullstack\\\\functions\\\\node_modules\\\\firebase-functions\\\\lib\\\\index.js\"}"}}
[debug] [2022-06-30T11:33:13.370Z] [runtime-status] [21908] firebase-admin has been stubbed. {"adminResolution":{"declared":true,"installed":true,"version":"10.3.0","resolution":"D:\\MainFolders\\programcodestuff\\webdevcourse\\myprojects\\amzonclone-reactapp\\amazon-clone-fullstack\\functions\\node_modules\\firebase-admin\\lib\\index.js"}} {"metadata":{"emulator":{"name":"functions"},"function":{"name":"us-central1-api"},"extension":{},"message":"[runtime-status] [21908] firebase-admin has been stubbed. {\"adminResolution\":{\"declared\":true,\"installed\":true,\"version\":\"10.3.0\",\"resolution\":\"D:\\\\MainFolders\\\\programcodestuff\\\\webdevcourse\\\\myprojects\\\\amzonclone-reactapp\\\\amazon-clone-fullstack\\\\functions\\\\node_modules\\\\firebase-admin\\\\lib\\\\index.js\"}}"}}
[debug] [2022-06-30T11:33:13.857Z] [runtime-status] [21908] Beginning invocation function api! {"metadata":{"emulator":{"name":"functions"},"function":{"name":"us-central1-api"},"extension":{},"message":"[runtime-status] [21908] Beginning invocation function api!"}}
[info] i  functions: Beginning execution of "api" {"metadata":{"emulator":{"name":"functions"},"function":{"name":"us-central1-api"},"extension":{},"message":"Beginning execution of \"api\""}}
[debug] [2022-06-30T11:33:13.862Z] [runtime-status] [21908] Running api in signature http {"metadata":{"emulator":{"name":"functions"},"function":{"name":"us-central1-api"},"extension":{},"message":"[runtime-status] [21908] Running api in signature http"}}
[debug] [2022-06-30T11:33:13.862Z] [runtime-status] [16792] Beginning invocation function api! {"metadata":{"emulator":{"name":"functions"},"function":{"name":"us-central1-api"},"extension":{},"message":"[runtime-status] [16792] Beginning invocation function api!"}}
[info] i  functions: Beginning execution of "api" {"metadata":{"emulator":{"name":"functions"},"function":{"name":"us-central1-api"},"extension":{},"message":"Beginning execution of \"api\""}}
[debug] [2022-06-30T11:33:13.864Z] [runtime-status] [16792] Running api in signature http {"metadata":{"emulator":{"name":"functions"},"function":{"name":"us-central1-api"},"extension":{},"message":"[runtime-status] [16792] Running api in signature http"}}
[debug] [2022-06-30T11:33:13.865Z] [runtime-status] [21908] Attempting to listen to socketPath: \\?\pipe\D:\MainFolders\programcodestuff\webdevcourse\myprojects\amzonclone-reactapp\amazon-clone-fullstack\functions\21908 {"metadata":{"emulator":{"name":"functions"},"function":{"name":"us-central1-api"},"extension":{},"message":"[runtime-status] [21908] Attempting to listen to socketPath: \\\\?\\pipe\\D:\\MainFolders\\programcodestuff\\webdevcourse\\myprojects\\amzonclone-reactapp\\amazon-clone-fullstack\\functions\\21908"}}
[debug] [2022-06-30T11:33:13.865Z] [runtime-status] [16792] Attempting to listen to socketPath: \\?\pipe\D:\MainFolders\programcodestuff\webdevcourse\myprojects\amzonclone-reactapp\amazon-clone-fullstack\functions\16792 {"metadata":{"emulator":{"name":"functions"},"function":{"name":"us-central1-api"},"extension":{},"message":"[runtime-status] [16792] Attempting to listen to socketPath: \\\\?\\pipe\\D:\\MainFolders\\programcodestuff\\webdevcourse\\myprojects\\amzonclone-reactapp\\amazon-clone-fullstack\\functions\\16792"}}
[debug] [2022-06-30T11:33:13.880Z] [functions] Runtime ready! Sending request! {"metadata":{"emulator":{"name":"functions"},"message":"[functions] Runtime ready! Sending request!"}}
[debug] [2022-06-30T11:33:13.881Z] [functions] Got req.url=/clone-react-63f94/us-central1/api/payments/create?total=11526785, mapping to path=/payments/create?total=11526785 {"metadata":{"emulator":{"name":"functions"},"message":"[functions] Got req.url=/clone-react-63f94/us-central1/api/payments/create?total=11526785, mapping to path=/payments/create?total=11526785"}}
[debug] [2022-06-30T11:33:13.886Z] [functions] Runtime ready! Sending request! {"metadata":{"emulator":{"name":"functions"},"message":"[functions] Runtime ready! Sending request!"}}
[debug] [2022-06-30T11:33:13.887Z] [functions] Got req.url=/clone-react-63f94/us-central1/api/payments/create?total=11526785, mapping to path=/payments/create?total=11526785 {"metadata":{"emulator":{"name":"functions"},"message":"[functions] Got req.url=/clone-react-63f94/us-central1/api/payments/create?total=11526785, mapping to path=/payments/create?total=11526785"}}
[debug] [2022-06-30T11:33:13.889Z] [runtime-status] [21908] Ephemeral server handling POST request {"metadata":{"emulator":{"name":"functions"},"function":{"name":"us-central1-api"},"extension":{},"message":"[runtime-status] [21908] Ephemeral server handling POST request"}}
[info] >  Payment Request Recieved  11526785 {"user":"Payment Request Recieved  11526785","metadata":{"emulator":{"name":"functions"},"function":{"name":"us-central1-api"},"extension":{},"message":"\u001b[90m> \u001b[39m Payment Request Recieved  11526785"}}
[debug] [2022-06-30T11:33:13.896Z] [runtime-status] [16792] Ephemeral server handling POST request {"metadata":{"emulator":{"name":"functions"},"function":{"name":"us-central1-api"},"extension":{},"message":"[runtime-status] [16792] Ephemeral server handling POST request"}}
[info] >  Payment Request Recieved  11526785 {"user":"Payment Request Recieved  11526785","metadata":{"emulator":{"name":"functions"},"function":{"name":"us-central1-api"},"extension":{},"message":"\u001b[90m> \u001b[39m Payment Request Recieved  11526785"}}
[debug] [2022-06-30T11:33:13.909Z] [runtime-status] [21908] Ephemeral server survived. {"metadata":{"emulator":{"name":"functions"},"function":{"name":"us-central1-api"},"extension":{},"message":"[runtime-status] [21908] Ephemeral server survived."}}
[debug] [2022-06-30T11:33:13.916Z] [runtime-status] [16792] Ephemeral server survived. {"metadata":{"emulator":{"name":"functions"},"function":{"name":"us-central1-api"},"extension":{},"message":"[runtime-status] [16792] Ephemeral server survived."}}
[info] i  functions: Finished "api" in ~1s {"metadata":{"emulator":{"name":"functions"},"function":{"name":"us-central1-api"},"extension":{},"message":"Finished \"api\" in ~1s"}}
[debug] [2022-06-30T11:33:14.550Z] [worker-us-central1-api-4c7bf5f6-ecd2-4ca7-930c-742bfd7ca29b]: IDLE {"metadata":{"emulator":{"name":"functions"},"message":"[worker-us-central1-api-4c7bf5f6-ecd2-4ca7-930c-742bfd7ca29b]: IDLE"}}
[debug] [2022-06-30T11:33:14.551Z] [work-queue] {"queueLength":0,"workRunningCount":1}
[info] i  functions: Finished "api" in ~1s {"metadata":{"emulator":{"name":"functions"},"function":{"name":"us-central1-api"},"extension":{},"message":"Finished \"api\" in ~1s"}}
[debug] [2022-06-30T11:33:14.708Z] [worker-us-central1-api-3b1e6536-3ba6-4c99-bc4d-c30f8138aae8]: IDLE {"metadata":{"emulator":{"name":"functions"},"message":"[worker-us-central1-api-3b1e6536-3ba6-4c99-bc4d-c30f8138aae8]: IDLE"}}
[debug] [2022-06-30T11:33:14.709Z] [work-queue] {"queueLength":0,"workRunningCount":0}
[debug] [2022-06-30T11:33:29.588Z] [work-queue] {"queueLength":1,"workRunningCount":0}
[debug] [2022-06-30T11:33:29.588Z] [work-queue] {"queueLength":0,"workRunningCount":1}
[debug] [2022-06-30T11:33:29.589Z] Accepted request POST /clone-react-63f94/us-central1/api/payments/create?total=528987 --> us-central1-api
[debug] [2022-06-30T11:33:29.589Z] [worker-pool] submitWork(triggerId=us-central1-api) {"metadata":{"emulator":{"name":"functions"},"message":"[worker-pool] submitWork(triggerId=us-central1-api)"}}
[debug] [2022-06-30T11:33:29.589Z] [worker-us-central1-api-4c7bf5f6-ecd2-4ca7-930c-742bfd7ca29b]: Assigning socketPath: \\?\pipe\D:\MainFolders\programcodestuff\webdevcourse\myprojects\amzonclone-reactapp\amazon-clone-fullstack\functions\16792 {"metadata":{"emulator":{"name":"functions"},"message":"[worker-us-central1-api-4c7bf5f6-ecd2-4ca7-930c-742bfd7ca29b]: Assigning socketPath: \\\\?\\pipe\\D:\\MainFolders\\programcodestuff\\webdevcourse\\myprojects\\amzonclone-reactapp\\amazon-clone-fullstack\\functions\\16792"}}
[debug] [2022-06-30T11:33:29.589Z] [worker-us-central1-api-4c7bf5f6-ecd2-4ca7-930c-742bfd7ca29b]: BUSY {"metadata":{"emulator":{"name":"functions"},"message":"[worker-us-central1-api-4c7bf5f6-ecd2-4ca7-930c-742bfd7ca29b]: BUSY"}}
[debug] [2022-06-30T11:33:29.592Z] [runtime-status] [16792] Beginning invocation function api! {"metadata":{"emulator":{"name":"functions"},"function":{"name":"us-central1-api"},"extension":{},"message":"[runtime-status] [16792] Beginning invocation function api!"}}
[info] i  functions: Beginning execution of "api" {"metadata":{"emulator":{"name":"functions"},"function":{"name":"us-central1-api"},"extension":{},"message":"Beginning execution of \"api\""}}
[debug] [2022-06-30T11:33:29.597Z] [runtime-status] [16792] Running api in signature http {"metadata":{"emulator":{"name":"functions"},"function":{"name":"us-central1-api"},"extension":{},"message":"[runtime-status] [16792] Running api in signature http"}}
[debug] [2022-06-30T11:33:29.598Z] [runtime-status] [16792] Attempting to listen to socketPath: \\?\pipe\D:\MainFolders\programcodestuff\webdevcourse\myprojects\amzonclone-reactapp\amazon-clone-fullstack\functions\16792 {"metadata":{"emulator":{"name":"functions"},"function":{"name":"us-central1-api"},"extension":{},"message":"[runtime-status] [16792] Attempting to listen to socketPath: \\\\?\\pipe\\D:\\MainFolders\\programcodestuff\\webdevcourse\\myprojects\\amzonclone-reactapp\\amazon-clone-fullstack\\functions\\16792"}}
[debug] [2022-06-30T11:33:29.612Z] [functions] Runtime ready! Sending request! {"metadata":{"emulator":{"name":"functions"},"message":"[functions] Runtime ready! Sending request!"}}
[debug] [2022-06-30T11:33:29.619Z] [functions] Got req.url=/clone-react-63f94/us-central1/api/payments/create?total=528987, mapping to path=/payments/create?total=528987 {"metadata":{"emulator":{"name":"functions"},"message":"[functions] Got req.url=/clone-react-63f94/us-central1/api/payments/create?total=528987, mapping to path=/payments/create?total=528987"}}
[debug] [2022-06-30T11:33:29.630Z] [runtime-status] [16792] Ephemeral server handling POST request {"metadata":{"emulator":{"name":"functions"},"function":{"name":"us-central1-api"},"extension":{},"message":"[runtime-status] [16792] Ephemeral server handling POST request"}}
[info] >  Payment Request Recieved  528987 {"user":"Payment Request Recieved  528987","metadata":{"emulator":{"name":"functions"},"function":{"name":"us-central1-api"},"extension":{},"message":"\u001b[90m> \u001b[39m Payment Request Recieved  528987"}}
[debug] [2022-06-30T11:33:29.635Z] [runtime-status] [16792] Ephemeral server survived. {"metadata":{"emulator":{"name":"functions"},"function":{"name":"us-central1-api"},"extension":{},"message":"[runtime-status] [16792] Ephemeral server survived."}}
[info] i  functions: Finished "api" in ~1s {"metadata":{"emulator":{"name":"functions"},"function":{"name":"us-central1-api"},"extension":{},"message":"Finished \"api\" in ~1s"}}
[debug] [2022-06-30T11:33:30.292Z] [worker-us-central1-api-4c7bf5f6-ecd2-4ca7-930c-742bfd7ca29b]: IDLE {"metadata":{"emulator":{"name":"functions"},"message":"[worker-us-central1-api-4c7bf5f6-ecd2-4ca7-930c-742bfd7ca29b]: IDLE"}}
[debug] [2022-06-30T11:33:30.294Z] [work-queue] {"queueLength":0,"workRunningCount":0}
